<?xml version="1.0" encoding="UTF-8"?>
<!-- Generated by org.testng.reporters.JUnitReportReporter -->
<testsuite hostname="WP8" name="com.scrolltest.testng.MainClass" tests="1" failures="0" timestamp="3 May 2015 11:20:04 GMT" time="43.869" errors="0">
  <testcase name="testRegisterationInDemoAUT" time="43.869" classname="com.scrolltest.testng.MainClass"/>
</testsuite> <!-- com.scrolltest.testng.MainClass -->
