<?xml version="1.0" encoding="UTF-8"?>
<!-- Generated by org.testng.reporters.JUnitReportReporter -->
<testsuite hostname="WP8" name="com.scrolltest.testng.MainClass" tests="1" failures="0" timestamp="3 May 2015 10:14:26 GMT" time="117.946" errors="0">
  <testcase name="testRegisterationInDemoAUT" time="117.946" classname="com.scrolltest.testng.MainClass"/>
</testsuite> <!-- com.scrolltest.testng.MainClass -->
